Arguments: 
  /home/jethro/.nvm/versions/node/v10.15.3/bin/node /usr/share/yarn/bin/yarn.js lint

PATH: 
  /home/jethro/.nvm/versions/node/v10.15.3/bin:/home/jethro/.local/bin:/usr/local/sbin:/usr/local/bin:/usr/sbin:/usr/bin:/sbin:/bin:/usr/games:/usr/local/games:/snap/bin

Yarn version: 
  1.16.0

Node version: 
  10.15.3

Platform: 
  linux x64

Trace: 
  SyntaxError: /home/jethro/thesis/services/package.json: Unexpected token } in JSON at position 290
      at JSON.parse (<anonymous>)
      at /usr/share/yarn/lib/cli.js:1625:59
      at Generator.next (<anonymous>)
      at step (/usr/share/yarn/lib/cli.js:304:30)
      at /usr/share/yarn/lib/cli.js:315:13

npm manifest: 
  {
    "name": "services",
    "version": "1.0.0",
    "description": "backend",
    "main": "index.js",
    "license": "MIT",
    "devDependencies": {
      "jest": "^24.8.0",
      "standard": "^12.0.1"
    },
    "scripts": {
      "lint": "standard",
      "lint:fix": "standard --fix",
      "test": "jest"
    },
  }

yarn manifest: 
  No manifest

Lockfile: 
  No lockfile
